#
# There is insufficient memory for the Java Runtime Environment to continue.
# Native memory allocation (mmap) failed to map 65536 bytes for Failed to commit metaspace.
# Possible reasons:
#   The system is out of physical RAM or swap space
#   The process is running with CompressedOops enabled, and the Java Heap may be blocking the growth of the native heap
# Possible solutions:
#   Reduce memory load on the system
#   Increase physical memory or swap space
#   Check if swap backing store is full
#   Decrease Java heap size (-Xmx/-Xms)
#   Decrease number of Java threads
#   Decrease Java thread stack sizes (-Xss)
#   Set larger code cache with -XX:ReservedCodeCacheSize=
#   JVM is running with Unscaled Compressed Oops mode in which the Java heap is
#     placed in the first 4GB address space. The Java Heap base address is the
#     maximum limit for the native heap growth. Please use -XX:HeapBaseMinAddress
#     to set the Java Heap base and to place the Java Heap above 4GB virtual address.
# This output file may be truncated or incomplete.
#
#  Out of Memory Error (virtualSpaceNode.cpp:110), pid=17468, tid=11416
#
# JRE version: OpenJDK Runtime Environment Corretto-19.0.2.7.1 (19.0.2+7) (build 19.0.2+7-FR)
# Java VM: OpenJDK 64-Bit Server VM Corretto-19.0.2.7.1 (19.0.2+7-FR, mixed mode, tiered, compressed oops, compressed class ptrs, g1 gc, windows-amd64)
# No core dump will be written. Minidumps are not enabled by default on client versions of Windows
#

---------------  S U M M A R Y ------------

Command Line: -Dorg.gradle.internal.worker.tmpdir=C:\Users\emrah\IdeaProjects\Netology\SpringBoot-Deployment-Infrastructure\SpringBoot-REST--HW-Task1-AuthorizationService\build\tmp\test\work -Dorg.gradle.native=false -Xmx512m -Dfile.encoding=UTF-8 -Duser.country=RU -Duser.language=ru -Duser.variant -ea worker.org.gradle.process.internal.worker.GradleWorkerMain 'Gradle Test Executor 1'

Host: 11th Gen Intel(R) Core(TM) i3-1115G4 @ 3.00GHz, 4 cores, 7G,  Windows 11 , 64 bit Build 22621 (10.0.22621.3374)
Time: Fri Apr 19 00:54:33 2024 RTZ 2 (s 11 , 64 bit Build 22621 (10.0.22621.3374) elapsed time: 0.468432 seconds (0d 0h 0m 0s)

---------------  T H R E A D  ---------------

Current thread (0x0000028a77512700):  JavaThread "main" [_thread_in_vm, id=11416, stack(0x0000008be3b00000,0x0000008be3c00000)]

Stack: [0x0000008be3b00000,0x0000008be3c00000]
Native frames: (J=compiled Java code, j=interpreted, Vv=VM code, C=native code)
V  [jvm.dll+0x6d034a]
V  [jvm.dll+0x880f10]
V  [jvm.dll+0x88289e]
V  [jvm.dll+0x882f43]
V  [jvm.dll+0x27b4bb]
V  [jvm.dll+0x87cb1b]
V  [jvm.dll+0x676026]
V  [jvm.dll+0x67608a]
V  [jvm.dll+0x678846]
V  [jvm.dll+0x67871e]
V  [jvm.dll+0x676a25]
V  [jvm.dll+0x266fbf]
V  [jvm.dll+0x680715]
V  [jvm.dll+0x21a6da]
V  [jvm.dll+0x21ab65]
V  [jvm.dll+0x21b5ca]
V  [jvm.dll+0x2110d9]
V  [jvm.dll+0x58e155]
V  [jvm.dll+0x2219e7]
V  [jvm.dll+0x7fa086]
V  [jvm.dll+0x7fb3b6]
V  [jvm.dll+0x7fb6e8]
V  [jvm.dll+0x26aa70]
V  [jvm.dll+0x3d150e]
C  0x0000028a0755da94

Java frames: (J=compiled Java code, j=interpreted, Vv=VM code)
j  jdk.internal.loader.URLClassPath.<init>(Ljava/lang/String;Z)V+131 java.base
j  jdk.internal.loader.ClassLoaders.<clinit>()V+144 java.base
v  ~StubRoutines::call_stub 0x0000028a075310e8
j  jdk.internal.loader.BootLoader.loadModule(Ljava/lang/module/ModuleReference;)V+0 java.base
j  jdk.internal.module.ModuleBootstrap.boot2()Ljava/lang/ModuleLayer;+352 java.base
j  jdk.internal.module.ModuleBootstrap.boot()Ljava/lang/ModuleLayer;+64 java.base
j  java.lang.System.initPhase2(ZZ)I+0 java.base
v  ~StubRoutines::call_stub 0x0000028a075310e8

---------------  P R O C E S S  ---------------

Threads class SMR info:
_java_thread_list=0x0000028a16158d70, length=10, elements={
0x0000028a77512700, 0x0000028a7ff2f6e0, 0x0000028a1617c410, 0x0000028a7ff0f600,
0x0000028a7ff12030, 0x0000028a7ff12bf0, 0x0000028a161634a0, 0x0000028a161678d0,
0x0000028a7ff3b110, 0x0000028a7ff3da90
}

Java Threads: ( => current thread )
=>0x0000028a77512700 JavaThread "main" [_thread_in_vm, id=11416, stack(0x0000008be3b00000,0x0000008be3c00000)]
  0x0000028a7ff2f6e0 JavaThread "Reference Handler" daemon [_thread_blocked, id=8340, stack(0x0000008be4200000,0x0000008be4300000)]
  0x0000028a1617c410 JavaThread "Finalizer" daemon [_thread_blocked, id=15040, stack(0x0000008be4300000,0x0000008be4400000)]
  0x0000028a7ff0f600 JavaThread "Signal Dispatcher" daemon [_thread_blocked, id=23956, stack(0x0000008be4400000,0x0000008be4500000)]
  0x0000028a7ff12030 JavaThread "Attach Listener" daemon [_thread_blocked, id=20428, stack(0x0000008be4500000,0x0000008be4600000)]
  0x0000028a7ff12bf0 JavaThread "Service Thread" daemon [_thread_blocked, id=25348, stack(0x0000008be4600000,0x0000008be4700000)]
  0x0000028a161634a0 JavaThread "Monitor Deflation Thread" daemon [_thread_blocked, id=20024, stack(0x0000008be4700000,0x0000008be4800000)]
  0x0000028a161678d0 JavaThread "C2 CompilerThread0" daemon [_thread_blocked, id=24548, stack(0x0000008be4800000,0x0000008be4900000)]
  0x0000028a7ff3b110 JavaThread "C1 CompilerThread0" daemon [_thread_blocked, id=8872, stack(0x0000008be4900000,0x0000008be4a00000)]
  0x0000028a7ff3da90 JavaThread "Sweeper thread" daemon [_thread_blocked, id=24912, stack(0x0000008be4a00000,0x0000008be4b00000)]

Other Threads:
  0x0000028a7fee3710 VMThread "VM Thread" [stack: 0x0000008be4100000,0x0000008be4200000] [id=6956]
  0x0000028a775446e0 WorkerThread "GC Thread#0" [stack: 0x0000008be3c00000,0x0000008be3d00000] [id=16532]
  0x0000028a77549640 ConcurrentGCThread "G1 Main Marker" [stack: 0x0000008be3d00000,0x0000008be3e00000] [id=19724]
  0x0000028a7754a070 WorkerThread "G1 Conc#0" [stack: 0x0000008be3e00000,0x0000008be3f00000] [id=21408]
  0x0000028a775cbf80 ConcurrentGCThread "G1 Refine#0" [stack: 0x0000008be3f00000,0x0000008be4000000] [id=2856]
  0x0000028a775cd970 ConcurrentGCThread "G1 Service" [stack: 0x0000008be4000000,0x0000008be4100000] [id=11620]

Threads with active compile tasks:

VM state: not at safepoint (normal execution)

VM Mutex/Monitor currently owned by a thread:  ([mutex/lock_event])
[0x0000028a7750c260] Metaspace_lock - owner thread: 0x0000028a77512700

Heap address: 0x00000000e0000000, size: 512 MB, Compressed Oops mode: 32-bit

CDS archive(s) not mapped
Compressed class space mapped at: 0x0000000100000000-0x0000000140000000, reserved size: 1073741824
Narrow klass base: 0x0000000000000000, Narrow klass shift: 3, Narrow klass range: 0x140000000

GC Precious Log:
 CardTable entry size: 512
 Card Set container configuration: InlinePtr #cards 5 size 8 Array Of Cards #cards 12 size 40 Howl #buckets 4 coarsen threshold 1843 Howl Bitmap #cards 512 size 80 coarsen threshold 460 Card regions per heap region 1 cards per card region 2048
 CPUs: 4 total, 4 available
 Memory: 7975M
 Large Page Support: Disabled
 NUMA Support: Disabled
 Compressed Oops: Enabled (32-bit)
 Heap Region Size: 1M
 Heap Min Capacity: 8M
 Heap Initial Capacity: 126M
 Heap Max Capacity: 512M
 Pre-touch: Disabled
 Parallel Workers: 4
 Concurrent Workers: 1
 Concurrent Refinement Workers: 4
 Periodic GC: Disabled

Heap:
 garbage-first heap   total 129024K, used 1024K [0x00000000e0000000, 0x0000000100000000)
  region size 1024K, 2 young (2048K), 0 survivors (0K)
 Metaspace       used 3662K, committed 3712K, reserved 1114112K
  class space    used 270K, committed 320K, reserved 1048576K

Heap Regions: E=young(eden), S=young(survivor), O=old, HS=humongous(starts), HC=humongous(continues), CS=collection set, F=free, OA=open archive, CA=closed archive, TAMS=top-at-mark-start (previous, next)
|   0|0x00000000e0000000, 0x00000000e0000000, 0x00000000e0100000|  0%| F|  |TAMS 0x00000000e0000000, 0x00000000e0000000| Untracked 
|   1|0x00000000e0100000, 0x00000000e0100000, 0x00000000e0200000|  0%| F|  |TAMS 0x00000000e0100000, 0x00000000e0100000| Untracked 
|   2|0x00000000e0200000, 0x00000000e0200000, 0x00000000e0300000|  0%| F|  |TAMS 0x00000000e0200000, 0x00000000e0200000| Untracked 
|   3|0x00000000e0300000, 0x00000000e0300000, 0x00000000e0400000|  0%| F|  |TAMS 0x00000000e0300000, 0x00000000e0300000| Untracked 
|   4|0x00000000e0400000, 0x00000000e0400000, 0x00000000e0500000|  0%| F|  |TAMS 0x00000000e0400000, 0x00000000e0400000| Untracked 
|   5|0x00000000e0500000, 0x00000000e0500000, 0x00000000e0600000|  0%| F|  |TAMS 0x00000000e0500000, 0x00000000e0500000| Untracked 
|   6|0x00000000e0600000, 0x00000000e0600000, 0x00000000e0700000|  0%| F|  |TAMS 0x00000000e0600000, 0x00000000e0600000| Untracked 
|   7|0x00000000e0700000, 0x00000000e0700000, 0x00000000e0800000|  0%| F|  |TAMS 0x00000000e0700000, 0x00000000e0700000| Untracked 
|   8|0x00000000e0800000, 0x00000000e0800000, 0x00000000e0900000|  0%| F|  |TAMS 0x00000000e0800000, 0x00000000e0800000| Untracked 
|   9|0x00000000e0900000, 0x00000000e0900000, 0x00000000e0a00000|  0%| F|  |TAMS 0x00000000e0900000, 0x00000000e0900000| Untracked 
|  10|0x00000000e0a00000, 0x00000000e0a00000, 0x00000000e0b00000|  0%| F|  |TAMS 0x00000000e0a00000, 0x00000000e0a00000| Untracked 
|  11|0x00000000e0b00000, 0x00000000e0b00000, 0x00000000e0c00000|  0%| F|  |TAMS 0x00000000e0b00000, 0x00000000e0b00000| Untracked 
|  12|0x00000000e0c00000, 0x00000000e0c00000, 0x00000000e0d00000|  0%| F|  |TAMS 0x00000000e0c00000, 0x00000000e0c00000| Untracked 
|  13|0x00000000e0d00000, 0x00000000e0d00000, 0x00000000e0e00000|  0%| F|  |TAMS 0x00000000e0d00000, 0x00000000e0d00000| Untracked 
|  14|0x00000000e0e00000, 0x00000000e0e00000, 0x00000000e0f00000|  0%| F|  |TAMS 0x00000000e0e00000, 0x00000000e0e00000| Untracked 
|  15|0x00000000e0f00000, 0x00000000e0f00000, 0x00000000e1000000|  0%| F|  |TAMS 0x00000000e0f00000, 0x00000000e0f00000| Untracked 
|  16|0x00000000e1000000, 0x00000000e1000000, 0x00000000e1100000|  0%| F|  |TAMS 0x00000000e1000000, 0x00000000e1000000| Untracked 
|  17|0x00000000e1100000, 0x00000000e1100000, 0x00000000e1200000|  0%| F|  |TAMS 0x00000000e1100000, 0x00000000e1100000| Untracked 
|  18|0x00000000e1200000, 0x00000000e1200000, 0x00000000e1300000|  0%| F|  |TAMS 0x00000000e1200000, 0x00000000e1200000| Untracked 
|  19|0x00000000e1300000, 0x00000000e1300000, 0x00000000e1400000|  0%| F|  |TAMS 0x00000000e1300000, 0x00000000e1300000| Untracked 
|  20|0x00000000e1400000, 0x00000000e1400000, 0x00000000e1500000|  0%| F|  |TAMS 0x00000000e1400000, 0x00000000e1400000| Untracked 
|  21|0x00000000e1500000, 0x00000000e1500000, 0x00000000e1600000|  0%| F|  |TAMS 0x00000000e1500000, 0x00000000e1500000| Untracked 
|  22|0x00000000e1600000, 0x00000000e1600000, 0x00000000e1700000|  0%| F|  |TAMS 0x00000000e1600000, 0x00000000e1600000| Untracked 
|  23|0x00000000e1700000, 0x00000000e1700000, 0x00000000e1800000|  0%| F|  |TAMS 0x00000000e1700000, 0x00000000e1700000| Untracked 
|  24|0x00000000e1800000, 0x00000000e1800000, 0x00000000e1900000|  0%| F|  |TAMS 0x00000000e1800000, 0x00000000e1800000| Untracked 
|  25|0x00000000e1900000, 0x00000000e1900000, 0x00000000e1a00000|  0%| F|  |TAMS 0x00000000e1900000, 0x00000000e1900000| Untracked 
|  26|0x00000000e1a00000, 0x00000000e1a00000, 0x00000000e1b00000|  0%| F|  |TAMS 0x00000000e1a00000, 0x00000000e1a00000| Untracked 
|  27|0x00000000e1b00000, 0x00000000e1b00000, 0x00000000e1c00000|  0%| F|  |TAMS 0x00000000e1b00000, 0x00000000e1b00000| Untracked 
|  28|0x00000000e1c00000, 0x00000000e1c00000, 0x00000000e1d00000|  0%| F|  |TAMS 0x00000000e1c00000, 0x00000000e1c00000| Untracked 
|  29|0x00000000e1d00000, 0x00000000e1d00000, 0x00000000e1e00000|  0%| F|  |TAMS 0x00000000e1d00000, 0x00000000e1d00000| Untracked 
|  30|0x00000000e1e00000, 0x00000000e1e00000, 0x00000000e1f00000|  0%| F|  |TAMS 0x00000000e1e00000, 0x00000000e1e00000| Untracked 
|  31|0x00000000e1f00000, 0x00000000e1f00000, 0x00000000e2000000|  0%| F|  |TAMS 0x00000000e1f00000, 0x00000000e1f00000| Untracked 
|  32|0x00000000e2000000, 0x00000000e2000000, 0x00000000e2100000|  0%| F|  |TAMS 0x00000000e2000000, 0x00000000e2000000| Untracked 
|  33|0x00000000e2100000, 0x00000000e2100000, 0x00000000e2200000|  0%| F|  |TAMS 0x00000000e2100000, 0x00000000e2100000| Untracked 
|  34|0x00000000e2200000, 0x00000000e2200000, 0x00000000e2300000|  0%| F|  |TAMS 0x00000000e2200000, 0x00000000e2200000| Untracked 
|  35|0x00000000e2300000, 0x00000000e2300000, 0x00000000e2400000|  0%| F|  |TAMS 0x00000000e2300000, 0x00000000e2300000| Untracked 
|  36|0x00000000e2400000, 0x00000000e2400000, 0x00000000e2500000|  0%| F|  |TAMS 0x00000000e2400000, 0x00000000e2400000| Untracked 
|  37|0x00000000e2500000, 0x00000000e2500000, 0x00000000e2600000|  0%| F|  |TAMS 0x00000000e2500000, 0x00000000e2500000| Untracked 
|  38|0x00000000e2600000, 0x00000000e2600000, 0x00000000e2700000|  0%| F|  |TAMS 0x00000000e2600000, 0x00000000e2600000| Untracked 
|  39|0x00000000e2700000, 0x00000000e2700000, 0x00000000e2800000|  0%| F|  |TAMS 0x00000000e2700000, 0x00000000e2700000| Untracked 
|  40|0x00000000e2800000, 0x00000000e2800000, 0x00000000e2900000|  0%| F|  |TAMS 0x00000000e2800000, 0x00000000e2800000| Untracked 
|  41|0x00000000e2900000, 0x00000000e2900000, 0x00000000e2a00000|  0%| F|  |TAMS 0x00000000e2900000, 0x00000000e2900000| Untracked 
|  42|0x00000000e2a00000, 0x00000000e2a00000, 0x00000000e2b00000|  0%| F|  |TAMS 0x00000000e2a00000, 0x00000000e2a00000| Untracked 
|  43|0x00000000e2b00000, 0x00000000e2b00000, 0x00000000e2c00000|  0%| F|  |TAMS 0x00000000e2b00000, 0x00000000e2b00000| Untracked 
|  44|0x00000000e2c00000, 0x00000000e2c00000, 0x00000000e2d00000|  0%| F|  |TAMS 0x00000000e2c00000, 0x00000000e2c00000| Untracked 
|  45|0x00000000e2d00000, 0x00000000e2d00000, 0x00000000e2e00000|  0%| F|  |TAMS 0x00000000e2d00000, 0x00000000e2d00000| Untracked 
|  46|0x00000000e2e00000, 0x00000000e2e00000, 0x00000000e2f00000|  0%| F|  |TAMS 0x00000000e2e00000, 0x00000000e2e00000| Untracked 
|  47|0x00000000e2f00000, 0x00000000e2f00000, 0x00000000e3000000|  0%| F|  |TAMS 0x00000000e2f00000, 0x00000000e2f00000| Untracked 
|  48|0x00000000e3000000, 0x00000000e3000000, 0x00000000e3100000|  0%| F|  |TAMS 0x00000000e3000000, 0x00000000e3000000| Untracked 
|  49|0x00000000e3100000, 0x00000000e3100000, 0x00000000e3200000|  0%| F|  |TAMS 0x00000000e3100000, 0x00000000e3100000| Untracked 
|  50|0x00000000e3200000, 0x00000000e3200000, 0x00000000e3300000|  0%| F|  |TAMS 0x00000000e3200000, 0x00000000e3200000| Untracked 
|  51|0x00000000e3300000, 0x00000000e3300000, 0x00000000e3400000|  0%| F|  |TAMS 0x00000000e3300000, 0x00000000e3300000| Untracked 
|  52|0x00000000e3400000, 0x00000000e3400000, 0x00000000e3500000|  0%| F|  |TAMS 0x00000000e3400000, 0x00000000e3400000| Untracked 
|  53|0x00000000e3500000, 0x00000000e3500000, 0x00000000e3600000|  0%| F|  |TAMS 0x00000000e3500000, 0x00000000e3500000| Untracked 
|  54|0x00000000e3600000, 0x00000000e3600000, 0x00000000e3700000|  0%| F|  |TAMS 0x00000000e3600000, 0x00000000e3600000| Untracked 
|  55|0x00000000e3700000, 0x00000000e3700000, 0x00000000e3800000|  0%| F|  |TAMS 0x00000000e3700000, 0x00000000e3700000| Untracked 
|  56|0x00000000e3800000, 0x00000000e3800000, 0x00000000e3900000|  0%| F|  |TAMS 0x00000000e3800000, 0x00000000e3800000| Untracked 
|  57|0x00000000e3900000, 0x00000000e3900000, 0x00000000e3a00000|  0%| F|  |TAMS 0x00000000e3900000, 0x00000000e3900000| Untracked 
|  58|0x00000000e3a00000, 0x00000000e3a00000, 0x00000000e3b00000|  0%| F|  |TAMS 0x00000000e3a00000, 0x00000000e3a00000| Untracked 
|  59|0x00000000e3b00000, 0x00000000e3b00000, 0x00000000e3c00000|  0%| F|  |TAMS 0x00000000e3b00000, 0x00000000e3b00000| Untracked 
|  60|0x00000000e3c00000, 0x00000000e3c00000, 0x00000000e3d00000|  0%| F|  |TAMS 0x00000000e3c00000, 0x00000000e3c00000| Untracked 
|  61|0x00000000e3d00000, 0x00000000e3d00000, 0x00000000e3e00000|  0%| F|  |TAMS 0x00000000e3d00000, 0x00000000e3d00000| Untracked 
|  62|0x00000000e3e00000, 0x00000000e3e00000, 0x00000000e3f00000|  0%| F|  |TAMS 0x00000000e3e00000, 0x00000000e3e00000| Untracked 
|  63|0x00000000e3f00000, 0x00000000e3f00000, 0x00000000e4000000|  0%| F|  |TAMS 0x00000000e3f00000, 0x00000000e3f00000| Untracked 
|  64|0x00000000e4000000, 0x00000000e4000000, 0x00000000e4100000|  0%| F|  |TAMS 0x00000000e4000000, 0x00000000e4000000| Untracked 
|  65|0x00000000e4100000, 0x00000000e4100000, 0x00000000e4200000|  0%| F|  |TAMS 0x00000000e4100000, 0x00000000e4100000| Untracked 
|  66|0x00000000e4200000, 0x00000000e4200000, 0x00000000e4300000|  0%| F|  |TAMS 0x00000000e4200000, 0x00000000e4200000| Untracked 
|  67|0x00000000e4300000, 0x00000000e4300000, 0x00000000e4400000|  0%| F|  |TAMS 0x00000000e4300000, 0x00000000e4300000| Untracked 
|  68|0x00000000e4400000, 0x00000000e4400000, 0x00000000e4500000|  0%| F|  |TAMS 0x00000000e4400000, 0x00000000e4400000| Untracked 
|  69|0x00000000e4500000, 0x00000000e4500000, 0x00000000e4600000|  0%| F|  |TAMS 0x00000000e4500000, 0x00000000e4500000| Untracked 
|  70|0x00000000e4600000, 0x00000000e4600000, 0x00000000e4700000|  0%| F|  |TAMS 0x00000000e4600000, 0x00000000e4600000| Untracked 
|  71|0x00000000e4700000, 0x00000000e4700000, 0x00000000e4800000|  0%| F|  |TAMS 0x00000000e4700000, 0x00000000e4700000| Untracked 
|  72|0x00000000e4800000, 0x00000000e4800000, 0x00000000e4900000|  0%| F|  |TAMS 0x00000000e4800000, 0x00000000e4800000| Untracked 
|  73|0x00000000e4900000, 0x00000000e4900000, 0x00000000e4a00000|  0%| F|  |TAMS 0x00000000e4900000, 0x00000000e4900000| Untracked 
|  74|0x00000000e4a00000, 0x00000000e4a00000, 0x00000000e4b00000|  0%| F|  |TAMS 0x00000000e4a00000, 0x00000000e4a00000| Untracked 
|  75|0x00000000e4b00000, 0x00000000e4b00000, 0x00000000e4c00000|  0%| F|  |TAMS 0x00000000e4b00000, 0x00000000e4b00000| Untracked 
|  76|0x00000000e4c00000, 0x00000000e4c00000, 0x00000000e4d00000|  0%| F|  |TAMS 0x00000000e4c00000, 0x00000000e4c00000| Untracked 
|  77|0x00000000e4d00000, 0x00000000e4d00000, 0x00000000e4e00000|  0%| F|  |TAMS 0x00000000e4d00000, 0x00000000e4d00000| Untracked 
|  78|0x00000000e4e00000, 0x00000000e4e00000, 0x00000000e4f00000|  0%| F|  |TAMS 0x00000000e4e00000, 0x00000000e4e00000| Untracked 
|  79|0x00000000e4f00000, 0x00000000e4f00000, 0x00000000e5000000|  0%| F|  |TAMS 0x00000000e4f00000, 0x00000000e4f00000| Untracked 
|  80|0x00000000e5000000, 0x00000000e5000000, 0x00000000e5100000|  0%| F|  |TAMS 0x00000000e5000000, 0x00000000e5000000| Untracked 
|  81|0x00000000e5100000, 0x00000000e5100000, 0x00000000e5200000|  0%| F|  |TAMS 0x00000000e5100000, 0x00000000e5100000| Untracked 
|  82|0x00000000e5200000, 0x00000000e5200000, 0x00000000e5300000|  0%| F|  |TAMS 0x00000000e5200000, 0x00000000e5200000| Untracked 
|  83|0x00000000e5300000, 0x00000000e5300000, 0x00000000e5400000|  0%| F|  |TAMS 0x00000000e5300000, 0x00000000e5300000| Untracked 
|  84|0x00000000e5400000, 0x00000000e5400000, 0x00000000e5500000|  0%| F|  |TAMS 0x00000000e5400000, 0x00000000e5400000| Untracked 
|  85|0x00000000e5500000, 0x00000000e5500000, 0x00000000e5600000|  0%| F|  |TAMS 0x00000000e5500000, 0x00000000e5500000| Untracked 
|  86|0x00000000e5600000, 0x00000000e5600000, 0x00000000e5700000|  0%| F|  |TAMS 0x00000000e5600000, 0x00000000e5600000| Untracked 
|  87|0x00000000e5700000, 0x00000000e5700000, 0x00000000e5800000|  0%| F|  |TAMS 0x00000000e5700000, 0x00000000e5700000| Untracked 
|  88|0x00000000e5800000, 0x00000000e5800000, 0x00000000e5900000|  0%| F|  |TAMS 0x00000000e5800000, 0x00000000e5800000| Untracked 
|  89|0x00000000e5900000, 0x00000000e5900000, 0x00000000e5a00000|  0%| F|  |TAMS 0x00000000e5900000, 0x00000000e5900000| Untracked 
|  90|0x00000000e5a00000, 0x00000000e5a00000, 0x00000000e5b00000|  0%| F|  |TAMS 0x00000000e5a00000, 0x00000000e5a00000| Untracked 
|  91|0x00000000e5b00000, 0x00000000e5b00000, 0x00000000e5c00000|  0%| F|  |TAMS 0x00000000e5b00000, 0x00000000e5b00000| Untracked 
|  92|0x00000000e5c00000, 0x00000000e5c00000, 0x00000000e5d00000|  0%| F|  |TAMS 0x00000000e5c00000, 0x00000000e5c00000| Untracked 
|  93|0x00000000e5d00000, 0x00000000e5d00000, 0x00000000e5e00000|  0%| F|  |TAMS 0x00000000e5d00000, 0x00000000e5d00000| Untracked 
|  94|0x00000000e5e00000, 0x00000000e5e00000, 0x00000000e5f00000|  0%| F|  |TAMS 0x00000000e5e00000, 0x00000000e5e00000| Untracked 
|  95|0x00000000e5f00000, 0x00000000e5f00000, 0x00000000e6000000|  0%| F|  |TAMS 0x00000000e5f00000, 0x00000000e5f00000| Untracked 
|  96|0x00000000e6000000, 0x00000000e6000000, 0x00000000e6100000|  0%| F|  |TAMS 0x00000000e6000000, 0x00000000e6000000| Untracked 
|  97|0x00000000e6100000, 0x00000000e6100000, 0x00000000e6200000|  0%| F|  |TAMS 0x00000000e6100000, 0x00000000e6100000| Untracked 
|  98|0x00000000e6200000, 0x00000000e6200000, 0x00000000e6300000|  0%| F|  |TAMS 0x00000000e6200000, 0x00000000e6200000| Untracked 
|  99|0x00000000e6300000, 0x00000000e6300000, 0x00000000e6400000|  0%| F|  |TAMS 0x00000000e6300000, 0x00000000e6300000| Untracked 
| 100|0x00000000e6400000, 0x00000000e6400000, 0x00000000e6500000|  0%| F|  |TAMS 0x00000000e6400000, 0x00000000e6400000| Untracked 
| 101|0x00000000e6500000, 0x00000000e6500000, 0x00000000e6600000|  0%| F|  |TAMS 0x00000000e6500000, 0x00000000e6500000| Untracked 
| 102|0x00000000e6600000, 0x00000000e6600000, 0x00000000e6700000|  0%| F|  |TAMS 0x00000000e6600000, 0x00000000e6600000| Untracked 
| 103|0x00000000e6700000, 0x00000000e6700000, 0x00000000e6800000|  0%| F|  |TAMS 0x00000000e6700000, 0x00000000e6700000| Untracked 
| 104|0x00000000e6800000, 0x00000000e6800000, 0x00000000e6900000|  0%| F|  |TAMS 0x00000000e6800000, 0x00000000e6800000| Untracked 
| 105|0x00000000e6900000, 0x00000000e6900000, 0x00000000e6a00000|  0%| F|  |TAMS 0x00000000e6900000, 0x00000000e6900000| Untracked 
| 106|0x00000000e6a00000, 0x00000000e6a00000, 0x00000000e6b00000|  0%| F|  |TAMS 0x00000000e6a00000, 0x00000000e6a00000| Untracked 
| 107|0x00000000e6b00000, 0x00000000e6b00000, 0x00000000e6c00000|  0%| F|  |TAMS 0x00000000e6b00000, 0x00000000e6b00000| Untracked 
| 108|0x00000000e6c00000, 0x00000000e6c00000, 0x00000000e6d00000|  0%| F|  |TAMS 0x00000000e6c00000, 0x00000000e6c00000| Untracked 
| 109|0x00000000e6d00000, 0x00000000e6d00000, 0x00000000e6e00000|  0%| F|  |TAMS 0x00000000e6d00000, 0x00000000e6d00000| Untracked 
| 110|0x00000000e6e00000, 0x00000000e6e00000, 0x00000000e6f00000|  0%| F|  |TAMS 0x00000000e6e00000, 0x00000000e6e00000| Untracked 
| 111|0x00000000e6f00000, 0x00000000e6f00000, 0x00000000e7000000|  0%| F|  |TAMS 0x00000000e6f00000, 0x00000000e6f00000| Untracked 
| 112|0x00000000e7000000, 0x00000000e7000000, 0x00000000e7100000|  0%| F|  |TAMS 0x00000000e7000000, 0x00000000e7000000| Untracked 
| 113|0x00000000e7100000, 0x00000000e7100000, 0x00000000e7200000|  0%| F|  |TAMS 0x00000000e7100000, 0x00000000e7100000| Untracked 
| 114|0x00000000e7200000, 0x00000000e7200000, 0x00000000e7300000|  0%| F|  |TAMS 0x00000000e7200000, 0x00000000e7200000| Untracked 
| 115|0x00000000e7300000, 0x00000000e7300000, 0x00000000e7400000|  0%| F|  |TAMS 0x00000000e7300000, 0x00000000e7300000| Untracked 
| 116|0x00000000e7400000, 0x00000000e7400000, 0x00000000e7500000|  0%| F|  |TAMS 0x00000000e7400000, 0x00000000e7400000| Untracked 
| 117|0x00000000e7500000, 0x00000000e7500000, 0x00000000e7600000|  0%| F|  |TAMS 0x00000000e7500000, 0x00000000e7500000| Untracked 
| 118|0x00000000e7600000, 0x00000000e7600000, 0x00000000e7700000|  0%| F|  |TAMS 0x00000000e7600000, 0x00000000e7600000| Untracked 
| 119|0x00000000e7700000, 0x00000000e7700000, 0x00000000e7800000|  0%| F|  |TAMS 0x00000000e7700000, 0x00000000e7700000| Untracked 
| 120|0x00000000e7800000, 0x00000000e7800000, 0x00000000e7900000|  0%| F|  |TAMS 0x00000000e7800000, 0x00000000e7800000| Untracked 
| 121|0x00000000e7900000, 0x00000000e7900000, 0x00000000e7a00000|  0%| F|  |TAMS 0x00000000e7900000, 0x00000000e7900000| Untracked 
| 122|0x00000000e7a00000, 0x00000000e7a00000, 0x00000000e7b00000|  0%| F|  |TAMS 0x00000000e7a00000, 0x00000000e7a00000| Untracked 
| 123|0x00000000e7b00000, 0x00000000e7b00000, 0x00000000e7c00000|  0%| F|  |TAMS 0x00000000e7b00000, 0x00000000e7b00000| Untracked 
| 124|0x00000000e7c00000, 0x00000000e7c85cc8, 0x00000000e7d00000| 52%| E|  |TAMS 0x00000000e7c00000, 0x00000000e7c00000| Complete 
| 125|0x00000000e7d00000, 0x00000000e7e00000, 0x00000000e7e00000|100%| E|CS|TAMS 0x00000000e7d00000, 0x00000000e7d00000| Complete 

Card table byte_map: [0x0000028a7f6f0000,0x0000028a7f7f0000] _byte_map_base: 0x0000028a7eff0000

Marking Bits (Prev, Next): (CMBitMap*) 0x0000028a77544d10, (CMBitMap*) 0x0000028a77544d50
 Prev Bits: [0x0000028a0f000000, 0x0000028a0f800000)
 Next Bits: [0x0000028a0f800000, 0x0000028a10000000)

Polling page: 0x0000028a75390000

Metaspace:

Usage:
  Non-class:      3.31 MB used.
      Class:    270.55 KB used.
       Both:      3.58 MB used.

Virtual space:
  Non-class space:       64.00 MB reserved,       3.31 MB (  5%) committed,  1 nodes.
      Class space:        1.00 GB reserved,     320.00 KB ( <1%) committed,  1 nodes.
             Both:        1.06 GB reserved,       3.63 MB ( <1%) committed. 

Chunk freelists:
   Non-Class:  0 bytes
       Class:  3.62 MB
        Both:  3.62 MB

MaxMetaspaceSize: unlimited
CompressedClassSpaceSize: 1.00 GB
Initial GC threshold: 21.00 MB
Current GC threshold: 21.00 MB
CDS: off
MetaspaceReclaimPolicy: balanced
 - commit_granule_bytes: 65536.
 - commit_granule_words: 8192.
 - virtual_space_node_default_size: 8388608.
 - enlarge_chunks_in_place: 1.
 - new_chunks_are_fully_committed: 0.
 - uncommit_free_chunks: 1.
 - use_allocation_guard: 0.


Internal statistics:

num_allocs_failed_limit: 0.
num_arena_births: 2.
num_arena_deaths: 0.
num_vsnodes_births: 2.
num_vsnodes_deaths: 0.
num_space_committed: 58.
num_space_uncommitted: 0.
num_chunks_returned_to_freelist: 0.
num_chunks_taken_from_freelist: 4.
num_chunk_merges: 0.
num_chunk_splits: 1.
num_chunks_enlarged: 0.
num_inconsistent_stats: 0.

CodeHeap 'non-profiled nmethods': size=120000Kb used=12Kb max_used=12Kb free=119987Kb
 bounds [0x0000028a07ad0000, 0x0000028a07d40000, 0x0000028a0f000000]
CodeHeap 'profiled nmethods': size=120000Kb used=51Kb max_used=51Kb free=119948Kb
 bounds [0x0000028a00000000, 0x0000028a00270000, 0x0000028a07530000]
CodeHeap 'non-nmethods': size=5760Kb used=1134Kb max_used=1148Kb free=4625Kb
 bounds [0x0000028a07530000, 0x0000028a077a0000, 0x0000028a07ad0000]
 total_blobs=341 nmethods=50 adapters=202
 compilation: enabled
              stopped_count=0, restarted_count=0
 full_count=0

Compilation events (20 events):
Event: 0.419 Thread 0x0000028a161678d0   41       4       java.lang.StringBuilder::append (8 bytes)
Event: 0.422 Thread 0x0000028a161678d0 nmethod 41 0x0000028a07ad2290 code [0x0000028a07ad2440, 0x0000028a07ad26b8]
Event: 0.429 Thread 0x0000028a7ff3b110   42       3       java.lang.String::isEmpty (14 bytes)
Event: 0.430 Thread 0x0000028a7ff3b110 nmethod 42 0x0000028a0000a190 code [0x0000028a0000a320, 0x0000028a0000a498]
Event: 0.433 Thread 0x0000028a7ff3b110   43       3       java.lang.String::indexOf (7 bytes)
Event: 0.433 Thread 0x0000028a7ff3b110 nmethod 43 0x0000028a0000a590 code [0x0000028a0000a760, 0x0000028a0000aa78]
Event: 0.433 Thread 0x0000028a7ff3b110   44       3       java.lang.String::indexOf (29 bytes)
Event: 0.433 Thread 0x0000028a7ff3b110 nmethod 44 0x0000028a0000ab90 code [0x0000028a0000ad60, 0x0000028a0000aff8]
Event: 0.439 Thread 0x0000028a7ff3b110   45       3       java.lang.String::getBytes (44 bytes)
Event: 0.439 Thread 0x0000028a7ff3b110 nmethod 45 0x0000028a0000b110 code [0x0000028a0000b2e0, 0x0000028a0000b5d8]
Event: 0.442 Thread 0x0000028a7ff3b110   46       1       java.lang.AbstractStringBuilder::getValue (5 bytes)
Event: 0.442 Thread 0x0000028a7ff3b110 nmethod 46 0x0000028a07ad2890 code [0x0000028a07ad2a20, 0x0000028a07ad2ad8]
Event: 0.442 Thread 0x0000028a7ff3b110   47       1       java.lang.AbstractStringBuilder::length (5 bytes)
Event: 0.442 Thread 0x0000028a7ff3b110 nmethod 47 0x0000028a07ad2b90 code [0x0000028a07ad2d20, 0x0000028a07ad2dd8]
Event: 0.446 Thread 0x0000028a7ff3b110   48       1       java.io.File::getPrefixLength (5 bytes)
Event: 0.446 Thread 0x0000028a7ff3b110 nmethod 48 0x0000028a07ad2e90 code [0x0000028a07ad3020, 0x0000028a07ad30d8]
Event: 0.447 Thread 0x0000028a7ff3b110   49       3       java.util.Arrays::copyOfRange (64 bytes)
Event: 0.447 Thread 0x0000028a7ff3b110 nmethod 49 0x0000028a0000b710 code [0x0000028a0000b960, 0x0000028a0000c1e8]
Event: 0.464 Thread 0x0000028a7ff3b110   50       3       java.lang.StringLatin1::indexOf (36 bytes)
Event: 0.465 Thread 0x0000028a7ff3b110 nmethod 50 0x0000028a0000c590 code [0x0000028a0000c760, 0x0000028a0000cb98]

GC Heap History (0 events):
No events

Dll operation events (2 events):
Event: 0.010 Loaded shared library C:\Users\emrah\.jdks\corretto-19.0.2\bin\java.dll
Event: 0.178 Loaded shared library C:\Users\emrah\.jdks\corretto-19.0.2\bin\jsvml.dll

Deoptimization events (0 events):
No events

Classes loaded (20 events):
Event: 0.385 Loading class jdk/internal/access/JavaNetURLAccess
Event: 0.385 Loading class jdk/internal/access/JavaNetURLAccess done
Event: 0.385 Loading class java/net/URL$3 done
Event: 0.385 Loading class java/io/File$PathStatus
Event: 0.385 Loading class java/io/File$PathStatus done
Event: 0.385 Loading class sun/net/www/ParseUtil
Event: 0.386 Loading class sun/net/www/ParseUtil done
Event: 0.386 Loading class java/util/HexFormat
Event: 0.386 Loading class java/util/HexFormat done
Event: 0.387 Loading class sun/net/www/protocol/file/Handler
Event: 0.388 Loading class java/net/URLStreamHandler
Event: 0.388 Loading class java/net/URLStreamHandler done
Event: 0.388 Loading class sun/net/www/protocol/file/Handler done
Event: 0.388 Loading class sun/net/util/IPAddressUtil
Event: 0.388 Loading class sun/net/util/IPAddressUtil done
Event: 0.465 Loading class java/util/ArrayDeque
Event: 0.465 Loading class java/util/Deque
Event: 0.465 Loading class java/util/Queue
Event: 0.466 Loading class java/util/Queue done
Event: 0.466 Loading class java/util/Deque done

Classes unloaded (0 events):
No events

Classes redefined (0 events):
No events

Internal exceptions (0 events):
No events

VM Operations (0 events):
No events

Events (10 events):
Event: 0.178 Thread 0x0000028a77512700 Thread added: 0x0000028a77512700
Event: 0.353 Thread 0x0000028a7ff2f6e0 Thread added: 0x0000028a7ff2f6e0
Event: 0.353 Thread 0x0000028a1617c410 Thread added: 0x0000028a1617c410
Event: 0.356 Thread 0x0000028a7ff0f600 Thread added: 0x0000028a7ff0f600
Event: 0.356 Thread 0x0000028a7ff12030 Thread added: 0x0000028a7ff12030
Event: 0.357 Thread 0x0000028a7ff12bf0 Thread added: 0x0000028a7ff12bf0
Event: 0.357 Thread 0x0000028a161634a0 Thread added: 0x0000028a161634a0
Event: 0.357 Thread 0x0000028a161678d0 Thread added: 0x0000028a161678d0
Event: 0.357 Thread 0x0000028a7ff3b110 Thread added: 0x0000028a7ff3b110
Event: 0.357 Thread 0x0000028a7ff3da90 Thread added: 0x0000028a7ff3da90


Dynamic libraries:
0x00007ff699330000 - 0x00007ff69933d000 	C:\Users\emrah\.jdks\corretto-19.0.2\bin\java.exe
0x00007ff87c7f0000 - 0x00007ff87ca06000 	C:\Windows\SYSTEM32\ntdll.dll
0x00007ff87b050000 - 0x00007ff87b114000 	C:\Windows\System32\KERNEL32.DLL
0x00007ff879ae0000 - 0x00007ff879e87000 	C:\Windows\System32\KERNELBASE.dll
0x00007ff87a360000 - 0x00007ff87a471000 	C:\Windows\System32\ucrtbase.dll
0x00007ff8637c0000 - 0x00007ff8637d7000 	C:\Users\emrah\.jdks\corretto-19.0.2\bin\jli.dll
0x00007ff861ca0000 - 0x00007ff861cb5000 	C:\Users\emrah\.jdks\corretto-19.0.2\bin\VCRUNTIME140.dll
0x00007ff87b1e0000 - 0x00007ff87b38e000 	C:\Windows\System32\USER32.dll
0x00007ff879e90000 - 0x00007ff879eb6000 	C:\Windows\System32\win32u.dll
0x00007ff87bbc0000 - 0x00007ff87bbe9000 	C:\Windows\System32\GDI32.dll
0x00007ff87a0f0000 - 0x00007ff87a209000 	C:\Windows\System32\gdi32full.dll
0x00007ff87a2c0000 - 0x00007ff87a35a000 	C:\Windows\System32\msvcp_win.dll
0x00007ff8645c0000 - 0x00007ff864853000 	C:\Windows\WinSxS\amd64_microsoft.windows.common-controls_6595b64144ccf1df_6.0.22621.3235_none_270f74e173860f98\COMCTL32.dll
0x00007ff87c450000 - 0x00007ff87c4f7000 	C:\Windows\System32\msvcrt.dll
0x00007ff87b1a0000 - 0x00007ff87b1d1000 	C:\Windows\System32\IMM32.DLL
0x00007ff858a60000 - 0x00007ff858afb000 	C:\Users\emrah\.jdks\corretto-19.0.2\bin\msvcp140.dll
0x00007ff82ea40000 - 0x00007ff82f719000 	C:\Users\emrah\.jdks\corretto-19.0.2\bin\server\jvm.dll
0x00007ff87b540000 - 0x00007ff87b5f2000 	C:\Windows\System32\ADVAPI32.dll
0x00007ff87bb10000 - 0x00007ff87bbb8000 	C:\Windows\System32\sechost.dll
0x00007ff87a210000 - 0x00007ff87a238000 	C:\Windows\System32\bcrypt.dll
0x00007ff87af30000 - 0x00007ff87b045000 	C:\Windows\System32\RPCRT4.dll
0x00007ff870c80000 - 0x00007ff870cb4000 	C:\Windows\SYSTEM32\WINMM.dll
0x00007ff8585f0000 - 0x00007ff8585f9000 	C:\Windows\SYSTEM32\WSOCK32.dll
0x00007ff86a070000 - 0x00007ff86a07a000 	C:\Windows\SYSTEM32\VERSION.dll
0x00007ff87b120000 - 0x00007ff87b191000 	C:\Windows\System32\WS2_32.dll
0x00007ff878be0000 - 0x00007ff878bf8000 	C:\Windows\SYSTEM32\kernel.appcore.dll
0x00007ff86c4d0000 - 0x00007ff86c4da000 	C:\Users\emrah\.jdks\corretto-19.0.2\bin\jimage.dll
0x00007ff86d400000 - 0x00007ff86d633000 	C:\Windows\SYSTEM32\DBGHELP.DLL
0x00007ff87be70000 - 0x00007ff87c1f8000 	C:\Windows\System32\combase.dll
0x00007ff87b3d0000 - 0x00007ff87b4a7000 	C:\Windows\System32\OLEAUT32.dll
0x00007ff86b6d0000 - 0x00007ff86b702000 	C:\Windows\SYSTEM32\dbgcore.DLL
0x00007ff87a240000 - 0x00007ff87a2b9000 	C:\Windows\System32\bcryptPrimitives.dll
0x00007ff858a30000 - 0x00007ff858a56000 	C:\Users\emrah\.jdks\corretto-19.0.2\bin\java.dll
0x00007ff858950000 - 0x00007ff858a26000 	C:\Users\emrah\.jdks\corretto-19.0.2\bin\jsvml.dll
0x00007ff87a6d0000 - 0x00007ff87af2c000 	C:\Windows\System32\SHELL32.dll
0x00007ff877a00000 - 0x00007ff8782f9000 	C:\Windows\SYSTEM32\windows.storage.dll
0x00007ff8778c0000 - 0x00007ff8779fe000 	C:\Windows\SYSTEM32\wintypes.dll
0x00007ff87c350000 - 0x00007ff87c443000 	C:\Windows\System32\SHCORE.dll
0x00007ff87c500000 - 0x00007ff87c55e000 	C:\Windows\System32\shlwapi.dll
0x00007ff879a10000 - 0x00007ff879a31000 	C:\Windows\SYSTEM32\profapi.dll

dbghelp: loaded successfully - version: 4.0.5 - missing functions: none
symbol engine: initialized successfully - sym options: 0x614 - pdb path: .;C:\Users\emrah\.jdks\corretto-19.0.2\bin;C:\Windows\SYSTEM32;C:\Windows\WinSxS\amd64_microsoft.windows.common-controls_6595b64144ccf1df_6.0.22621.3235_none_270f74e173860f98;C:\Users\emrah\.jdks\corretto-19.0.2\bin\server

VM Arguments:
jvm_args: -Dorg.gradle.internal.worker.tmpdir=C:\Users\emrah\IdeaProjects\Netology\SpringBoot-Deployment-Infrastructure\SpringBoot-REST--HW-Task1-AuthorizationService\build\tmp\test\work -Dorg.gradle.native=false -Xmx512m -Dfile.encoding=UTF-8 -Duser.country=RU -Duser.language=ru -Duser.variant -ea 
java_command: worker.org.gradle.process.internal.worker.GradleWorkerMain 'Gradle Test Executor 1'
java_class_path (initial): C:\\Users\\emrah\\.gradle\\caches\\8.7\\workerMain\\gradle-worker.jar;C:\\Users\\emrah\\IdeaProjects\\Netology\\SpringBoot-Deployment-Infrastructure\\SpringBoot-REST--HW-Task1-AuthorizationService\\build\\classes\\java\\test;C:\\Users\\emrah\\IdeaProjects\\Netology\\SpringBoot-Deployment-Infrastructure\\SpringBoot-REST--HW-Task1-AuthorizationService\\build\\classes\\java\\main;C:\\Users\\emrah\\IdeaProjects\\Netology\\SpringBoot-Deployment-Infrastructure\\SpringBoot-REST--HW-Task1-AuthorizationService\\build\\resources\\main;C:\\Users\\emrah\\.gradle\\caches\\modules-2\\files-2.1\\org.springframework.boot\\spring-boot-starter-actuator\\3.2.4\\a26cd0ab56f912d2aa44504042af06f15d3d1a80\\spring-boot-starter-actuator-3.2.4.jar;C:\\Users\\emrah\\.gradle\\caches\\modules-2\\files-2.1\\org.springframework.boot\\spring-boot-starter-validation\\3.2.4\\5f43697d1f24a19414bcaec3733dab5b6c24d1da\\spring-boot-starter-validation-3.2.4.jar;C:\\Users\\emrah\\.gradle\\caches\\modules-2\\files-2.1\\org.springframework.boot\\spring-boot-starter-web\\3.2.4\\a74df12b71060da7c8e87f9a8c2ef4ea43fc8017\\spring-boot-starter-web-3.2.4.jar;C:\\Users\\emrah\\.gradle\\caches\\modules-2\\files-2.1\\org.springframework.boot\\spring-boot-starter-test\\3.2.4\\b0d6d874f2e67861fe17a72435f288b9cc29d6a7\\spring-boot-starter-test-3.2.4.jar;C:\\Users\\emrah\\.gradle\\caches\\modules-2\\files-2.1\\org.springframework.boot\\spring-boot-starter-json\\3.2.4\\ef3f72369ce7f6f7a7b02c0b23e60ef5bdf581b1\\spring-boot-starter-json-3.2.4.jar;C:\\Users\\emrah\\.gradle\\caches\\modules-2\\files-2.1\\org.springframework.boot\\spring-boot-starter\\3.2.4\\842cf7f0ed2ecfef3011f3191fc53c59ceed752\\spring-boot-starter-3.2.4.jar;C:\\Users\\emrah\\.gradle\\caches\\modules-2\\files-2.1\\org.springframework.boot\\spring-boot-actuator-autoconfigure\\3.2.4\\fc5d94aa9b147786d60379f7365cb4bf6766cdad\\spring-boot-actuator-autoconfigure-3.2.4.jar;C:\\Users\\emrah\\.gradle\\caches\\modules-2\\files-2.1\\io.micrometer\\micrometer-jakarta9\\1.12.4\\354b0798834e415a64f16125e27a1a7e5dc0aee4\\micrometer-jakarta9-1.12.4.jar;C:\\Users\\emrah\\.gradle\\caches\\modules-2\\files-2.1\\org.springframework\\spring-webmvc\\6.1.5\\92809fce136e0b662dc9325529443386ba5ec2c6\\spring-webmvc-6.1.5.jar;C:\\Users\\emrah\\.gradle\\caches\\modules-2\\files-2.1\\org.springframework\\spring-web\\6.1.5\\4f4e92cc52ee33260f1ee0cdc7b7a2f22d49708c\\spring-web-6.1.5.jar;C:\\Users\\emrah\\.gradle\\caches\\modules-2\\files-2.1\\io.micrometer\\micrometer-core\\1.12.4\\d5b91e2847de7c1213889c532789743eb2f96337\\micrometer-core-1.12.4.jar;C:\\Users\\emrah\\.gradle\\caches\\modules-2\\files-2.1\\org.springframework.boot\\spring-boot-test-autoconfigure\\3.2.4\\4b566e3ed0d326b5b3158ec032c1fb570786fe4a\\spring-boot-test-autoconfigure-3.2.4.jar;C:\\Users\\emrah\\.gradle\\caches\\modules-2\\files-2.1\\org.springframework.boot\\spring-boot-test\\3.2.4\\7c58670bfa752b6d3b03298d4657d34e11eb46bb\\spring-boot-test-3.2.4.jar;C:\\Users\\emrah\\.gradle\\caches\\modules-2\\files-2.1\\org.springframework.boot\\spring-boot-autoconfigure\\3.2.4\\b3f481aff8f0775f44d78399c804a8c52d75b971\\spring-boot-autoconfigure-3.2.4.jar;C:\\Users\\emrah\\.gradle\\caches\\modules-2\\files-2.1\\org.springframework.boot\\spring-boot-actuator\\3.2.4\\9921454129e42a4c6806240885ed763eb874cd24\\spring-boot-actuator-3.2.4.jar;C:\\Users\\emrah\\.gradle\\caches\\modules-2\\files-2.1\\org.springframework.boot\\spring-boot\\3.2.4\\ccb7cbb30dcf1d91dbbf20a3219a457eead46601\\spring-boot-3.2.4.jar;C:\\Users\\emrah\\.gradle\\caches\\modules-2\\files-2.1\\org.springframework\\spring-context\\6.1.5\\735d1bd7372d7c53e7b31b4a9c980ce2e0b26424\\spring-context-6.1.5.jar;C:\\Users\\emrah\\.gradle\\caches\\modules-2\\files-2.1\\io.micrometer\\micrometer-observation\\1.12.4\\492deebbd9b8ab23f588428f66578e21af266e01\\micrometer-observation-1.12.4.jar;C:\\Users\\emrah\\.gradle\\caches\\modules-2\\files-2.1\\org.springframework.boot\\spring-boot-starter-tomcat\\3.2.4\\ffa632eeaaf1a4e807ec4bbcc1938f7d43096472\\spring-boot-starter-tomcat-3.2.4.jar;C:\\Users\\emrah\\.gradle\\caches\\modules-2\\files-2.1\\org.apache.tomcat.embed\\tomcat-embed-el\\10.1.19\\c61a582c391aca130884a5421deedfe1a96c7415\\tomcat-embed-el-10.1.19.jar;C:\\Users\\emrah\\.gradle\\caches\\modules-2\\files-2.1\\org.hibernate.validator\\hibernate-validator\\8.0.1.Final\\e49e116b3d3928060599b176b3538bb848718e95\\hibernate-validator-8.0.1.Final.jar;C:\\Users\\emrah\\.gradle\\caches\\modules-2\\files-2.1\\com.jayway.jsonpath\\json-path\\2.9.0\\37fe2217f577b0b68b18e62c4d17a8858ecf9b69\\json-path-2.9.0.jar;C:\\Users\\emrah\\.gradle\\caches\\modules-2\\files-2.1\\jakarta.xml.bind\\jakarta.xml.bind-api\\4.0.2\\6cd5a999b834b63238005b7144136379dc36cad2\\jakarta.xml.bind-api-4.0.2.jar;C:\\Users\\emrah\\.gradle\\caches\\modules-2\\files-2.1\\net.minidev\\json-smart\\2.5.0\\57a64f421b472849c40e77d2e7cce3a141b41e99\\json-smart-2.5.0.jar;C:\\Users\\emrah\\.gradle\\caches\\modules-2\\files-2.1\\org.assertj\\assertj-core\\3.24.2\\ebbf338e33f893139459ce5df023115971c2786f\\assertj-core-3.24.2.jar;C:\\Users\\emrah\\.gradle\\caches\\modules-2\\files-2.1\\org.awaitility\\awaitility\\4.2.0\\2c39784846001a9cffd6c6b89c78de62c0d80fb8\\awaitility-4.2.0.jar;C:\\Users\\emrah\\.gradle\\caches\\modules-2\\files-2.1\\org.hamcrest\\hamcrest\\2.2\\1820c0968dba3a11a1b30669bb1f01978a91dedc\\hamcrest-2.2.jar;C:\\Users\\emrah\\.gradle\\caches\\modules-2\\files-2.1\\org.mockito\\mockito-junit-jupiter\\5.7.0\\ac2d6a3431747a7986b8f4abef465f72bf3a21ae\\mockito-junit-jupiter-5.7.0.jar;C:\\Users\\emrah\\.gradle\\caches\\modules-2\\files-2.1\\org.junit.jupiter\\junit-jupiter-params\\5.10.2\\359132c82a9d3fa87a325db6edd33b5fdc67a3d8\\junit-jupiter-params-5.10.2.jar;C:\\Users\\emrah\\.gradle\\caches\\modules-2\\files-2.1\\org.junit.jupiter\\junit-jupiter-engine\\5.10.2\\f1f8fe97bd58e85569205f071274d459c2c4f8cd\\junit-jupiter-engine-5.10.2.jar;C:\\Users\\emrah\\.gradle\\caches\\modules-2\\files-2.1\\org.junit.jupiter\\junit-jupiter-api\\5.10.2\\fb55d6e2bce173f35fd28422e7975539621055ef\\junit-jupiter-api-5.10.2.jar;C:\\Users\\emrah\\.gradle\\caches\\modules-2\\files-2.1\\org.junit.platform\\junit-platform-engine\\1.10.2\\d53bb4e0ce7f211a498705783440614bfaf0df2e\\junit-platform-engine-1.10.2.jar;C:\\Users\\emrah\\.gradle\\caches\\modules-2\\files-2.1\\org.junit.platform\\junit-platform-commons\\1.10.2\\3197154a1f0c88da46c47a9ca27611ac7ec5d797\\junit-platform-commons-1.10.2.jar;C:\\Users\\emrah\\.gradle\\caches\\modules-2\\files-2.1\\org.junit.jupiter\\junit-jupiter\\5.10.2\\831c0b86ddc2ce38391c5b81ea662b0cfdc02cce\\junit-jupiter-5.10.2.jar;C:\\Users\\emrah\\.gradle\\caches\\modules-2\\files-2.1\\org.mockito\\mockito-core\\5.7.0\\a1c258331ab91d66863c983aff7136357e9de056\\mockito-core-5.7.0.jar;C:\\Users\\emrah\\.gradle\\caches\\modules-2\\files-2.1\\org.skyscreamer\\jsonassert\\1.5.1\\6d842d0faf4cf6725c509a5e5347d319ee0431c3\\jsonassert-1.5.1.jar;C:\\Users\\emrah\\.gradle\\caches\\modules-2\\files-2.1\\org.springframework\\spring-test\\6.1.5\\7713127b756a14bdaa363ab6fb52b5363139f779\\spring-test-6.1.5.jar;C:\\Users\\emrah\\.gradle\\caches\\modules-2\\files-2.1\\org.springframework\\spring-aop\\6.1.5\\a4f596bd3c55b6cec93f0e2e7245dd0bab8afec3\\spring-aop-6.1.5.jar;C:\\Users\\emrah\\.gradle\\caches\\modules-2\\files-2.1\\org.springframework\\spring-beans\\6.1.5\\9ae967f467281c9bb977585ef4d5ea7351704d60\\spring-beans-6.1.5.jar;C:\\Users\\emrah\\.gradle\\caches\\modules-2\\files-2.1\\org.springframework\\spring-expression\\6.1.5\\7e21cb1c6bbef1509e12d485b75ffc61278d9fa7\\spring-expression-6.1.5.jar;C:\\Users\\emrah\\.gradle\\caches\\modules-2\\files-2.1\\org.springframework\\spring-core\\6.1.5\\6dae1b06ffacbb9abab636be2dbc6acd3b6e5d68\\spring-core-6.1.5.jar;C:\\Users\\emrah\\.gradle\\caches\\modules-2\\files-2.1\\org.xmlunit\\xmlunit-core\\2.9.1\\e5833662d9a1279a37da3ef6f62a1da29fcd68c4\\xmlunit-core-2.9.1.jar;C:\\Users\\emrah\\.gradle\\caches\\modules-2\\files-2.1\\org.springframework.boot\\spring-boot-starter-logging\\3.2.4\\32616f4a33ec0fda0c54aaa67ab10dc78df3fd78\\spring-boot-starter-logging-3.2.4.jar;C:\\Users\\emrah\\.gradle\\caches\\modules-2\\files-2.1\\jakarta.annotation\\jakarta.annotation-api\\2.1.1\\48b9bda22b091b1f48b13af03fe36db3be6e1ae3\\jakarta.annotation-api-2.1.1.jar;C:\\Users\\emrah\\.gradle\\caches\\modules-2\\files-2.1\\org.yaml\\snakeyaml\\2.2\\3af797a25458550a16bf89acc8e4ab2b7f2bfce0\\snakeyaml-2.2.jar;C:\\Users\\emrah\\.gradle\\caches\\modules-2\\files-2.1\\com.fasterxml.jackson.datatype\\jackson-datatype-jdk8\\2.15.4\\694777f182334a21bf1aeab1b04cc4398c801f3f\\jackson-datatype-jdk8-2.15.4.jar;C:\\Users\\emrah\\.gradle\\caches\\modules-2\\files-2.1\\com.fasterxml.jackson.module\\jackson-module-parameter-names\\2.15.4\\e654497a08359db2521b69b5f710e00836915d8c\\jackson-module-parameter-names-2.15.4.jar;C:\\Users\\emrah\\.gradle\\caches\\modules-2\\files-2.1\\com.fasterxml.jackson.core\\jackson-annotations\\2.15.4\\5223ea5a9bf52cdc9c5e537a0e52f2432eaf208b\\jackson-annotations-2.15.4.jar;C:\\Users\\emrah\\.gradle\\caches\\modules-2\\files-2.1\\com.fasterxml.jackson.core\\jackson-core\\2.15.4\\aebe84b45360debad94f692a4074c6aceb535fa0\\jackson-core-2.15.4.jar;C:\\Users\\emrah\\.gradle\\caches\\modules-2\\files-2.1\\com.fasterxml.jackson.datatype\\jackson-datatype-jsr310\\2.15.4\\7de629770a4559db57128d35ccae7d2fddd35db3\\jackson-datatype-jsr310-2.15.4.jar;C:\\Users\\emrah\\.gradle\\caches\\modules-2\\files-2.1\\com.fasterxml.jackson.core\\jackson-databind\\2.15.4\\560309fc381f77d4d15c4a4cdaa0db5025c4fd13\\jackson-databind-2.15.4.jar;C:\\Users\\emrah\\.gradle\\caches\\modules-2\\files-2.1\\io.micrometer\\micrometer-commons\\1.12.4\\a57f10c78956b38087f97beae66cf14cb8b08d34\\micrometer-commons-1.12.4.jar;C:\\Users\\emrah\\.gradle\\caches\\modules-2\\files-2.1\\jakarta.validation\\jakarta.validation-api\\3.0.2\\92b6631659ba35ca09e44874d3eb936edfeee532\\jakarta.validation-api-3.0.2.jar;C:\\Users\\emrah\\.gradle\\caches\\modules-2\\files-2.1\\org.jboss.logging\\jboss-logging\\3.5.3.Final\\c88fc1d8a96d4c3491f55d4317458ccad53ca663\\jboss-logging-3.5.3.Final.jar;C:\\Users\\emrah\\.gradle\\caches\\modules-2\\files-2.1\\com.fasterxml\\classmate\\1.6.0\\91affab6f84a2182fce5dd72a8d01bc14346dddd\\classmate-1.6.0.jar;C:\\Users\\emrah\\.gradle\\caches\\modules-2\\files-2.1\\org.apache.tomcat.embed\\tomcat-embed-websocket\\10.1.19\\adf4710fac2471236f8a466ca678cdf7e6a8257c\\tomcat-embed-websocket-10.1.19.jar;C:\\Users\\emrah\\.gradle\\caches\\modules-2\\files-2.1\\org.apache.tomcat.embed\\tomcat-embed-core\\10.1.19\\3dbbca8acbd4dd6a137c3d6f934a2931512b42ce\\tomcat-embed-core-10.1.19.jar;C:\\Users\\emrah\\.gradle\\caches\\modules-2\\files-2.1\\ch.qos.logback\\logback-classic\\1.4.14\\d98bc162275134cdf1518774da4a2a17ef6fb94d\\logback-classic-1.4.14.jar;C:\\Users\\emrah\\.gradle\\caches\\modules-2\\files-2.1\\org.apache.logging.log4j\\log4j-to-slf4j\\2.21.1\\d77b2ba81711ed596cd797cc2b5b5bd7409d841c\\log4j-to-slf4j-2.21.1.jar;C:\\Users\\emrah\\.gradle\\caches\\modules-2\\files-2.1\\org.slf4j\\jul-to-slf4j\\2.0.12\\eb5f48f782b41cc881b0bf1fb4d88ae2ff6d5b93\\jul-to-slf4j-2.0.12.jar;C:\\Users\\emrah\\.gradle\\caches\\modules-2\\files-2.1\\org.slf4j\\slf4j-api\\2.0.12\\48f109a2a6d8f446c794f3e3fa0d86df0cdfa312\\slf4j-api-2.0.12.jar;C:\\Users\\emrah\\.gradle\\caches\\modules-2\\files-2.1\\jakarta.activation\\jakarta.activation-api\\2.1.3\\fa165bd70cda600368eee31555222776a46b881f\\jakarta.activation-api-2.1.3.jar;C:\\Users\\emrah\\.gradle\\caches\\modules-2\\files-2.1\\net.minidev\\accessors-smart\\2.5.0\\aca011492dfe9c26f4e0659028a4fe0970829dd8\\accessors-smart-2.5.0.jar;C:\\Users\\emrah\\.gradle\\caches\\modules-2\\files-2.1\\net.bytebuddy\\byte-buddy\\1.14.12\\6e37f743dc15a8d7a4feb3eb0025cbc612d5b9e1\\byte-buddy-1.14.12.jar;C:\\Users\\emrah\\.gradle\\caches\\modules-2\\files-2.1\\net.bytebuddy\\byte-buddy-agent\\1.14.12\\be4984cb6fd1ef1d11f218a648889dfda44b8a15\\byte-buddy-agent-1.14.12.jar;C:\\Users\\emrah\\.gradle\\caches\\modules-2\\files-2.1\\org.objenesis\\objenesis\\3.3\\1049c09f1de4331e8193e579448d0916d75b7631\\objenesis-3.3.jar;C:\\Users\\emrah\\.gradle\\caches\\modules-2\\files-2.1\\com.vaadin.external.google\\android-json\\0.0.20131108.vaadin1\\fa26d351fe62a6a17f5cda1287c1c6110dec413f\\android-json-0.0.20131108.vaadin1.jar;C:\\Users\\emrah\\.gradle\\caches\\modules-2\\files-2.1\\org.springframework\\spring-jcl\\6.1.5\\896ae3519327731589c6e77521656b50ae32d5b3\\spring-jcl-6.1.5.jar;C:\\Users\\emrah\\.gradle\\caches\\modules-2\\files-2.1\\org.hdrhistogram\\HdrHistogram\\2.1.12\\6eb7552156e0d517ae80cc2247be1427c8d90452\\HdrHistogram-2.1.12.jar;C:\\Users\\emrah\\.gradle\\caches\\modules-2\\files-2.1\\org.latencyutils\\LatencyUtils\\2.0.3\\769c0b82cb2421c8256300e907298a9410a2a3d3\\LatencyUtils-2.0.3.jar;C:\\Users\\emrah\\.gradle\\caches\\modules-2\\files-2.1\\org.ow2.asm\\asm\\9.3\\8e6300ef51c1d801a7ed62d07cd221aca3a90640\\asm-9.3.jar;C:\\Users\\emrah\\.gradle\\caches\\modules-2\\files-2.1\\org.opentest4j\\opentest4j\\1.3.0\\152ea56b3a72f655d4fd677fc0ef2596c3dd5e6e\\opentest4j-1.3.0.jar;C:\\Users\\emrah\\.gradle\\caches\\modules-2\\files-2.1\\ch.qos.logback\\logback-core\\1.4.14\\4d3c2248219ac0effeb380ed4c5280a80bf395e8\\logback-core-1.4.14.jar;C:\\Users\\emrah\\.gradle\\caches\\modules-2\\files-2.1\\org.apache.logging.log4j\\log4j-api\\2.21.1\\74c65e87b9ce1694a01524e192d7be989ba70486\\log4j-api-2.21.1.jar;C:\\Users\\emrah\\.gradle\\wrapper\\dists\\gradle-8.7-bin\\bhs2wmbdwecv87pi65oeuq5iu\\gradle-8.7\\lib\\plugins\\junit-platform-engine-1.8.2.jar;C:\\Users\\emrah\\.gradle\\wrapper\\dists\\gradle-8.7-bin\\bhs2wmbdwecv87pi65oeuq5iu\\gradle-8.7\\lib\\plugins\\junit-platform-launcher-1.8.2.jar;C:\\Users\\emrah\\.gradle\\wrapper\\dists\\gradle-8.7-bin\\bhs2wmbdwecv87pi65oeuq5iu\\gradle-8.7\\lib\\plugins\\junit-platform-commons-1.8.2.jar
Launcher Type: SUN_STANDARD

[Global flags]
     intx CICompilerCount                          = 3                                         {product} {ergonomic}
     uint ConcGCThreads                            = 1                                         {product} {ergonomic}
     uint G1ConcRefinementThreads                  = 4                                         {product} {ergonomic}
   size_t G1HeapRegionSize                         = 1048576                                   {product} {ergonomic}
    uintx GCDrainStackTargetSize                   = 64                                        {product} {ergonomic}
   size_t InitialHeapSize                          = 132120576                                 {product} {ergonomic}
   size_t MarkStackSize                            = 4194304                                   {product} {ergonomic}
   size_t MaxHeapSize                              = 536870912                                 {product} {command line}
   size_t MaxNewSize                               = 321912832                                 {product} {ergonomic}
   size_t MinHeapDeltaBytes                        = 1048576                                   {product} {ergonomic}
   size_t MinHeapSize                              = 8388608                                   {product} {ergonomic}
    uintx NonNMethodCodeHeapSize                   = 5832780                                {pd product} {ergonomic}
    uintx NonProfiledCodeHeapSize                  = 122912730                              {pd product} {ergonomic}
    uintx ProfiledCodeHeapSize                     = 122912730                              {pd product} {ergonomic}
    uintx ReservedCodeCacheSize                    = 251658240                              {pd product} {ergonomic}
     bool SegmentedCodeCache                       = true                                      {product} {ergonomic}
   size_t SoftMaxHeapSize                          = 536870912                              {manageable} {ergonomic}
     bool UseCompressedClassPointers               = true                           {product lp64_product} {ergonomic}
     bool UseCompressedOops                        = true                           {product lp64_product} {ergonomic}
     bool UseG1GC                                  = true                                      {product} {ergonomic}
     bool UseLargePagesIndividualAllocation        = false                                  {pd product} {ergonomic}

Logging:
Log output configuration:
 #0: stdout all=warning uptime,level,tags foldmultilines=false
 #1: stderr all=off uptime,level,tags foldmultilines=false

Environment Variables:
JAVA_HOME=C:\Users\emrah\.jdks\corretto-19.0.2
CLASSPATH=C:\Users\emrah\IdeaProjects\Netology\SpringBoot-Deployment-Infrastructure\SpringBoot-REST--HW-Task1-AuthorizationService\\gradle\wrapper\gradle-wrapper.jar
PATH=C:\Program Files\Common Files\Oracle\Java\javapath;C:\Windows\system32;C:\Windows;C:\Windows\System32\Wbem;C:\Windows\System32\WindowsPowerShell\v1.0\;C:\Windows\System32\OpenSSH\;C:\Program Files\Git\cmd;C:\Program Files\Docker\Docker\resources\bin;C:\Program Files\PowerShell\7\;C:\Users\emrah\AppData\Local\Microsoft\WindowsApps;C:\Users\emrah\AppData\Local\Programs\Microsoft VS Code\bin;C:\Users\emrah\AppData\Local\GitHubDesktop\bin
USERNAME=emrah
OS=Windows_NT
PROCESSOR_IDENTIFIER=Intel64 Family 6 Model 140 Stepping 1, GenuineIntel
TMP=C:\Users\emrah\AppData\Local\Temp
TEMP=C:\Users\emrah\AppData\Local\Temp



---------------  S Y S T E M  ---------------

OS:
 Windows 11 , 64 bit Build 22621 (10.0.22621.3374)
OS uptime: 1 days 13:37 hours
Hyper-V role detected

CPU: total 4 (initial active 4) (2 cores per cpu, 2 threads per core) family 6 model 140 stepping 1 microcode 0x8a, cx8, cmov, fxsr, ht, mmx, 3dnowpref, sse, sse2, sse3, ssse3, sse4.1, sse4.2, popcnt, lzcnt, tsc, tscinvbit, avx, avx2, aes, erms, clmul, bmi1, bmi2, adx, avx512f, avx512dq, avx512cd, avx512bw, avx512vl, sha, fma, vzeroupper, avx512_vpopcntdq, avx512_vpclmulqdq, avx512_vaes, avx512_vnni, clflush, clflushopt, clwb, avx512_vbmi2, avx512_vbmi, hv, rdtscp, rdpid, fsrm, gfni, avx512_bitalg

Memory: 4k page, system-wide physical 7975M (348M free)
TotalPageFile size 25557M (AvailPageFile size 0M)
current process WorkingSet (physical memory assigned to process): 26M, peak: 26M
current process commit charge ("private bytes"): 190M, peak: 195M

vm_info: OpenJDK 64-Bit Server VM (19.0.2+7-FR) for windows-amd64 JRE (19.0.2+7-FR), built on Jan 13 2023 22:53:32 by "Administrator" with MS VC++ 15.9 (VS2017)

END.
